<span style='color: #000' title='Frames'>    22</span><span style='color: #009' title='Memory'>  14336.00 KB</span><span style='color: #900' title='Time'>     21.99 ms</span><span  title='Quirksmode'>  <span style='color: #0d0'>OFF</span></span><br />[_parse_properties(margin:=1.2cm)_parse_properties][_parse_sections[section[_parse_properties(display:=-dompdf-page !IMPORTANT)(counter-reset:=page)_parse_properties]#html#section]_parse_sections]
[_parse_sections[section[_parse_properties(display:=block)_parse_properties]#article##aside##details##div##dt##figcaption##footer##form##header##hgroup##main##nav##noscript##section##summary#section]_parse_sections]
[_parse_sections[section[_parse_properties(page-break-before:=avoid)(display:=block !IMPORTANT)(counter-increment:=page)_parse_properties]#body#section]_parse_sections]
[_parse_sections[section[_parse_properties(display:=block)(margin:=1em 0)_parse_properties]#p##dl##multicol#section]_parse_sections]
[_parse_sections[section[_parse_properties(display:=block)(margin-left:=40px)_parse_properties]#dd#section]_parse_sections]
[_parse_sections[section[_parse_properties(display:=block)(margin:=1em 40px)_parse_properties]#blockquote##figure#section]_parse_sections]
[_parse_sections[section[_parse_properties(display:=block)(font-style:=italic)_parse_properties]#address#section]_parse_sections]
[_parse_sections[section[_parse_properties(display:=block)(text-align:=center)_parse_properties]#center#section]_parse_sections]
[_parse_sections[section[_parse_properties(display:=block)(margin:=1em 0)(padding-left:=1em)(border-left:=solid)(border-color:=blue)(border-width:=thin)_parse_properties]#blockquote[type=cite]#section]_parse_sections]
[_parse_sections[section[_parse_properties(display:=block)(font-weight:=bold)_parse_properties]#h1##h2##h3##h4##h5##h6#section]_parse_sections]
[_parse_sections[section[_parse_properties(font-size:=2em)(margin:=.67em 0)_parse_properties]#h1#section]_parse_sections]
[_parse_sections[section[_parse_properties(font-size:=1.5em)(margin:=.83em 0)_parse_properties]#h2#section]_parse_sections]
[_parse_sections[section[_parse_properties(font-size:=1.17em)(margin:=1em 0)_parse_properties]#h3#section]_parse_sections]
[_parse_sections[section[_parse_properties(margin:=1.33em 0)_parse_properties]#h4#section]_parse_sections]
[_parse_sections[section[_parse_properties(font-size:=0.83em)(margin:=1.67em 0)_parse_properties]#h5#section]_parse_sections]
[_parse_sections[section[_parse_properties(font-size:=0.67em)(margin:=2.33em 0)_parse_properties]#h6#section]_parse_sections]
[_parse_sections[section[_parse_properties(display:=block)(font-family:=fixed)(font-size:=medium)(white-space:=pre)(margin:=1em 0)_parse_properties]#listing#section]_parse_sections]
[_parse_sections[section[_parse_properties(display:=block)(font-family:=fixed)(white-space:=pre)(margin:=1em 0)_parse_properties]#plaintext##pre##xmp#section]_parse_sections]
[_parse_sections[section[_parse_properties(display:=table)(border-spacing:=2px)(border-collapse:=separate)(margin-top:=0)(margin-bottom:=0)(text-indent:=0)(text-align:=left)_parse_properties]#table#section]_parse_sections]
[_parse_sections[section[_parse_properties(border:=outset gray)_parse_properties]#table[border]#section]_parse_sections]
[_parse_sections[section[_parse_properties(border:=1px inset gray)_parse_properties]#table[border] td##table[border] th#section]_parse_sections]
[_parse_sections[section[_parse_properties(border-width:=0)_parse_properties]#table[border="0"] td##table[border="0"] th#section]_parse_sections]
[_parse_sections[section[_parse_properties(background:=inherit)<pre>[_image
Array
(
    [0] => file://
    [1] => 
    [2] => ./
    [3] => none
    [protocol] => file://
    [host] => 
    [path] => ./
    [file] => none
    [resource] => 
)
file://
D:\e-HPS\vendor\dompdf\dompdf\lib\res/
none
_image]</pre>_parse_properties]#td##th##tr#section]_parse_sections]
[_parse_sections[section[_parse_properties(display:=table-caption)(text-align:=center)_parse_properties]#caption#section]_parse_sections]
[_parse_sections[section[_parse_properties(display:=table-row)(vertical-align:=inherit)_parse_properties]#tr#section]_parse_sections]
[_parse_sections[section[_parse_properties(display:=table-column)_parse_properties]#col#section]_parse_sections]
[_parse_sections[section[_parse_properties(display:=table-column-group)_parse_properties]#colgroup#section]_parse_sections]
[_parse_sections[section[_parse_properties(display:=table-row-group)(vertical-align:=middle)_parse_properties]#tbody#section]_parse_sections]
[_parse_sections[section[_parse_properties(display:=table-header-group)(vertical-align:=middle)_parse_properties]#thead#section]_parse_sections]
[_parse_sections[section[_parse_properties(display:=table-footer-group)(vertical-align:=middle)_parse_properties]#tfoot#section]_parse_sections]
[_parse_sections[section[_parse_properties(vertical-align:=middle)_parse_properties]#table>tr#section]_parse_sections]
[_parse_sections[section[_parse_properties(display:=table-cell)(vertical-align:=inherit)(text-align:=inherit)(padding:=1px)_parse_properties]#td#section]_parse_sections]
[_parse_sections[section[_parse_properties(display:=table-cell)(vertical-align:=inherit)(text-align:=center)(font-weight:=bold)(padding:=1px)_parse_properties]#th#section]_parse_sections]
[_parse_sections[section[_parse_properties(content:=open-quote)_parse_properties]#q::before#section]_parse_sections]
[_parse_sections[section[_parse_properties(content:=close-quote)_parse_properties]#q::after#section]_parse_sections]
[_parse_sections[section[_parse_properties(color:=#00c)(text-decoration:=underline)_parse_properties]#:link#section]_parse_sections]
[_parse_sections[section[_parse_properties(font-weight:=bolder)_parse_properties]#b##strong#section]_parse_sections]
[_parse_sections[section[_parse_properties(font-style:=italic)_parse_properties]#i##cite##em##var##dfn#section]_parse_sections]
[_parse_sections[section[_parse_properties(font-family:=fixed)_parse_properties]#tt##code##kbd##samp#section]_parse_sections]
[_parse_sections[section[_parse_properties(text-decoration:=underline)_parse_properties]#u##ins#section]_parse_sections]
[_parse_sections[section[_parse_properties(text-decoration:=line-through)_parse_properties]#s##strike##del#section]_parse_sections]
[_parse_sections[section[_parse_properties(font-size:=larger)_parse_properties]#big#section]_parse_sections]
[_parse_sections[section[_parse_properties(font-size:=smaller)_parse_properties]#small#section]_parse_sections]
[_parse_sections[section[_parse_properties(vertical-align:=sub)(font-size:=smaller)(line-height:=normal)_parse_properties]#sub#section]_parse_sections]
[_parse_sections[section[_parse_properties(vertical-align:=super)(font-size:=smaller)(line-height:=normal)_parse_properties]#sup#section]_parse_sections]
[_parse_sections[section[_parse_properties(white-space:=nowrap)_parse_properties]#nobr#section]_parse_sections]
[_parse_sections[section[_parse_properties(background:=yellow)<pre>[_image
Array
(
    [0] => file://
    [1] => 
    [2] => ./
    [3] => none
    [protocol] => file://
    [host] => 
    [path] => ./
    [file] => none
    [resource] => 
)
file://
D:\e-HPS\vendor\dompdf\dompdf\lib\res/
none
_image]</pre>(color:=black)_parse_properties]#mark#section]_parse_sections]
[_parse_sections[section[_parse_properties(text-decoration:=dotted underline)_parse_properties]#abbr[title]##acronym[title]#section]_parse_sections]
[_parse_sections[section[_parse_properties(display:=block)(list-style-type:=disc)(margin:=1em 0)(padding-left:=40px)_parse_properties]#ul##menu##dir#section]_parse_sections]
[_parse_sections[section[_parse_properties(display:=block)(list-style-type:=decimal)(margin:=1em 0)(padding-left:=40px)_parse_properties]#ol#section]_parse_sections]
[_parse_sections[section[_parse_properties(display:=list-item)_parse_properties]#li#section]_parse_sections]
[_parse_sections[section[_parse_properties(margin-top:=0)(margin-bottom:=0)_parse_properties]#:matches(ul, ol, dir, menu, dl) ul##:matches(ul, ol, dir, menu, dl) ol##:matches(ul, ol, dir, menu, dl) dir##:matches(ul, ol, dir, menu, dl) menu##:matches(ul, ol, dir, menu, dl) dl#section]_parse_sections]
[_parse_sections[section[_parse_properties(list-style-type:=circle)_parse_properties]#:matches(ul, ol, dir, menu) ul##:matches(ul, ol, dir, menu) menu##:matches(ul, ol, dir, menu) dir#section]_parse_sections]
[_parse_sections[section[_parse_properties(list-style-type:=square)_parse_properties]#:matches(ul, ol, dir, menu) :matches(ul, ol, dir, menu) ul##:matches(ul, ol, dir, menu) :matches(ul, ol, dir, menu) menu##:matches(ul, ol, dir, menu) :matches(ul, ol, dir, menu) dir#section]_parse_sections]
[_parse_sections[section[_parse_properties(display:=block)_parse_properties]#form#section]_parse_sections]
[_parse_sections[section[_parse_properties(display:=inline-block)(font-family:=sans-serif)_parse_properties]#input##button##select#section]_parse_sections]
[_parse_sections[section[_parse_properties(background:=#FFF)<pre>[_image
Array
(
    [0] => file://
    [1] => 
    [2] => ./
    [3] => none
    [protocol] => file://
    [host] => 
    [path] => ./
    [file] => none
    [resource] => 
)
file://
D:\e-HPS\vendor\dompdf\dompdf\lib\res/
none
_image]</pre>(border:=1px solid #999)(padding:=2px)(margin:=2px)_parse_properties]#input##button##textarea##select#section]_parse_sections]
[_parse_sections[section[_parse_properties(width:=12em)_parse_properties]#input##select#section]_parse_sections]
[_parse_sections[section[_parse_properties(display:=none !IMPORTANT)_parse_properties]#input[type=hidden]#section]_parse_sections]
[_parse_sections[section[_parse_properties(width:=auto)(border:=none)(padding:=0)(margin:=0)_parse_properties]#input[type=checkbox]##input[type=radio]##input[type=image]#section]_parse_sections]
[_parse_sections[section[_parse_properties(width:=auto)(background:=#CCC)<pre>[_image
Array
(
    [0] => file://
    [1] => 
    [2] => ./
    [3] => none
    [protocol] => file://
    [host] => 
    [path] => ./
    [file] => none
    [resource] => 
)
file://
D:\e-HPS\vendor\dompdf\dompdf\lib\res/
none
_image]</pre>(text-align:=center)_parse_properties]#input[type=button]##input[type=submit]##input[type=reset]##input[type=file]##button#section]_parse_sections]
[_parse_sections[section[_parse_properties(width:=8em)_parse_properties]#input[type=file]#section]_parse_sections]
[_parse_sections[section[_parse_properties(content:=attr(value))_parse_properties]#input::before#section]_parse_sections]
[_parse_sections[section[_parse_properties(content:=attr(alt))_parse_properties]#input[type=image][alt]::before#section]_parse_sections]
[_parse_sections[section[_parse_properties(content:="Choose a file")_parse_properties]#input[type=file]::before#section]_parse_sections]
[_parse_sections[section[_parse_properties(font-family:="DejaVu Sans" !IMPORTANT)(content:="\2022\2022\2022\2022\2022\2022\2022\2022")(line-height:=1em)_parse_properties]#input[type=password][value]::before#section]_parse_sections]
[_parse_sections[section[_parse_properties(content:=none)_parse_properties]#input[type=password][value=""]::before#section]_parse_sections]
[_parse_sections[section[_parse_properties(font-family:="DejaVu Sans" !IMPORTANT)(font-size:=18px)(line-height:=1)_parse_properties]#input[type=checkbox]##input[type=radio]##select::after#section]_parse_sections]
[_parse_sections[section[_parse_properties(content:="\2610")_parse_properties]#input[type=checkbox]::before#section]_parse_sections]
[_parse_sections[section[_parse_properties(content:="\2611")_parse_properties]#input[type=checkbox][checked]::before#section]_parse_sections]
[_parse_sections[section[_parse_properties(content:="\25CB")_parse_properties]#input[type=radio]::before#section]_parse_sections]
[_parse_sections[section[_parse_properties(content:="\25C9")_parse_properties]#input[type=radio][checked]::before#section]_parse_sections]
[_parse_sections[section[_parse_properties(display:=block)(height:=3em)(overflow:=hidden)(font-family:=monospace)(white-space:=pre-wrap)(overflow-wrap:=break-word)_parse_properties]#textarea#section]_parse_sections]
[_parse_sections[section[_parse_properties(position:=relative !IMPORTANT)(overflow:=hidden !IMPORTANT)_parse_properties]#select#section]_parse_sections]
[_parse_sections[section[_parse_properties(position:=absolute)(right:=0)(top:=0)(height:=5em)(width:=1.4em)(text-align:=center)(background:=#CCC)<pre>[_image
Array
(
    [0] => file://
    [1] => 
    [2] => ./
    [3] => none
    [protocol] => file://
    [host] => 
    [path] => ./
    [file] => none
    [resource] => 
)
file://
D:\e-HPS\vendor\dompdf\dompdf\lib\res/
none
_image]</pre>(content:="\25BE")_parse_properties]#select::after#section]_parse_sections]
[_parse_sections[section[_parse_properties(display:=none)_parse_properties]#select option#section]_parse_sections]
[_parse_sections[section[_parse_properties(display:=inline)_parse_properties]#select option[selected]#section]_parse_sections]
[_parse_sections[section[_parse_properties(display:=block)(margin:=0.6em 2px 2px)(padding:=0.75em)(border:=1pt groove #666)(position:=relative)_parse_properties]#fieldset#section]_parse_sections]
[_parse_sections[section[_parse_properties(position:=absolute)(top:=-0.6em)(left:=0.75em)(padding:=0 0.3em)(background:=white)<pre>[_image
Array
(
    [0] => file://
    [1] => 
    [2] => ./
    [3] => none
    [protocol] => file://
    [host] => 
    [path] => ./
    [file] => none
    [resource] => 
)
file://
D:\e-HPS\vendor\dompdf\dompdf\lib\res/
none
_image]</pre>_parse_properties]#fieldset>legend#section]_parse_sections]
[_parse_sections[section[_parse_properties(display:=inline-block)_parse_properties]#legend#section]_parse_sections]
[_parse_sections[section[_parse_properties(display:=block)(height:=0)(border:=1px inset)(margin:=0.5em auto 0.5em auto)_parse_properties]#hr#section]_parse_sections]
[_parse_sections[section[_parse_properties(border-style:=solid none none none)_parse_properties]#hr[size="1"]#section]_parse_sections]
[_parse_sections[section[_parse_properties(border:=2px inset)_parse_properties]#iframe#section]_parse_sections]
[_parse_sections[section[_parse_properties(display:=block)_parse_properties]#noframes#section]_parse_sections]
[_parse_sections[section[_parse_properties(display:=-dompdf-br)_parse_properties]#br#section]_parse_sections]
[_parse_sections[section[_parse_properties(display:=-dompdf-image !IMPORTANT)_parse_properties]#img##img_generated#section]_parse_sections]
[_parse_sections[section[_parse_properties(display:=inline)_parse_properties]#dompdf_generated#section]_parse_sections]
[_parse_sections[section[_parse_properties(display:=none)(-dompdf-keep:=yes)_parse_properties]#area##base##basefont##head##meta##script##style##title##noembed##param#section]_parse_sections]
<pre>
specificity(): 0x00000001 "html"
</pre><pre>
specificity(): 0x00000001 "article"
</pre><pre>
specificity(): 0x00000001 "aside"
</pre><pre>
specificity(): 0x00000001 "details"
</pre><pre>
specificity(): 0x00000001 "div"
</pre><pre>
specificity(): 0x00000001 "dt"
</pre><pre>
specificity(): 0x00000001 "figcaption"
</pre><pre>
specificity(): 0x00000001 "footer"
</pre><pre>
specificity(): 0x00000001 "form"
</pre><pre>
specificity(): 0x00000001 "form"
</pre><pre>
specificity(): 0x00000001 "header"
</pre><pre>
specificity(): 0x00000001 "hgroup"
</pre><pre>
specificity(): 0x00000001 "main"
</pre><pre>
specificity(): 0x00000001 "nav"
</pre><pre>
specificity(): 0x00000001 "noscript"
</pre><pre>
specificity(): 0x00000001 "section"
</pre><pre>
specificity(): 0x00000001 "summary"
</pre><pre>
specificity(): 0x00000001 "body"
</pre><pre>
specificity(): 0x00000001 "p"
</pre><pre>
specificity(): 0x00000001 "dl"
</pre><pre>
specificity(): 0x00000001 "multicol"
</pre><pre>
specificity(): 0x00000001 "dd"
</pre><pre>
specificity(): 0x00000001 "blockquote"
</pre><pre>
specificity(): 0x00000001 "figure"
</pre><pre>
specificity(): 0x00000001 "address"
</pre><pre>
specificity(): 0x00000001 "center"
</pre><pre>
specificity(): 0x00000101 "blockquote[type=cite]"
</pre><pre>
specificity(): 0x00000001 "h1"
</pre><pre>
specificity(): 0x00000001 "h1"
</pre><pre>
specificity(): 0x00000001 "h2"
</pre><pre>
specificity(): 0x00000001 "h2"
</pre><pre>
specificity(): 0x00000001 "h3"
</pre><pre>
specificity(): 0x00000001 "h3"
</pre><pre>
specificity(): 0x00000001 "h4"
</pre><pre>
specificity(): 0x00000001 "h4"
</pre><pre>
specificity(): 0x00000001 "h5"
</pre><pre>
specificity(): 0x00000001 "h5"
</pre><pre>
specificity(): 0x00000001 "h6"
</pre><pre>
specificity(): 0x00000001 "h6"
</pre><pre>
specificity(): 0x00000001 "listing"
</pre><pre>
specificity(): 0x00000001 "plaintext"
</pre><pre>
specificity(): 0x00000001 "pre"
</pre><pre>
specificity(): 0x00000001 "xmp"
</pre><pre>
specificity(): 0x00000001 "table"
</pre><pre>
specificity(): 0x00000101 "table[border]"
</pre><pre>
specificity(): 0x00000102 "table[border] td"
</pre><pre>
specificity(): 0x00000102 "table[border] th"
</pre><pre>
specificity(): 0x00000102 "table[border="0"] td"
</pre><pre>
specificity(): 0x00000102 "table[border="0"] th"
</pre><pre>
specificity(): 0x00000001 "td"
</pre><pre>
specificity(): 0x00000001 "td"
</pre><pre>
specificity(): 0x00000001 "th"
</pre><pre>
specificity(): 0x00000001 "th"
</pre><pre>
specificity(): 0x00000001 "tr"
</pre><pre>
specificity(): 0x00000001 "tr"
</pre><pre>
specificity(): 0x00000001 "caption"
</pre><pre>
specificity(): 0x00000001 "col"
</pre><pre>
specificity(): 0x00000001 "colgroup"
</pre><pre>
specificity(): 0x00000001 "tbody"
</pre><pre>
specificity(): 0x00000001 "thead"
</pre><pre>
specificity(): 0x00000001 "tfoot"
</pre><pre>
specificity(): 0x00000002 "table>tr"
</pre><pre>
specificity(): 0x00000002 "q::before"
</pre><pre>
specificity(): 0x00000002 "q::after"
</pre><pre>
specificity(): 0x00000100 ":link"
</pre><pre>
specificity(): 0x00000001 "b"
</pre><pre>
specificity(): 0x00000001 "strong"
</pre><pre>
specificity(): 0x00000001 "i"
</pre><pre>
specificity(): 0x00000001 "cite"
</pre><pre>
specificity(): 0x00000001 "em"
</pre><pre>
specificity(): 0x00000001 "var"
</pre><pre>
specificity(): 0x00000001 "dfn"
</pre><pre>
specificity(): 0x00000001 "tt"
</pre><pre>
specificity(): 0x00000001 "code"
</pre><pre>
specificity(): 0x00000001 "kbd"
</pre><pre>
specificity(): 0x00000001 "samp"
</pre><pre>
specificity(): 0x00000001 "u"
</pre><pre>
specificity(): 0x00000001 "ins"
</pre><pre>
specificity(): 0x00000001 "s"
</pre><pre>
specificity(): 0x00000001 "strike"
</pre><pre>
specificity(): 0x00000001 "del"
</pre><pre>
specificity(): 0x00000001 "big"
</pre><pre>
specificity(): 0x00000001 "small"
</pre><pre>
specificity(): 0x00000001 "sub"
</pre><pre>
specificity(): 0x00000001 "sup"
</pre><pre>
specificity(): 0x00000001 "nobr"
</pre><pre>
specificity(): 0x00000001 "mark"
</pre><pre>
specificity(): 0x00000101 "abbr[title]"
</pre><pre>
specificity(): 0x00000101 "acronym[title]"
</pre><pre>
specificity(): 0x00000001 "ul"
</pre><pre>
specificity(): 0x00000001 "menu"
</pre><pre>
specificity(): 0x00000001 "dir"
</pre><pre>
specificity(): 0x00000001 "ol"
</pre><pre>
specificity(): 0x00000001 "li"
</pre><pre>
specificity(): 0x00000105 ":matches(ul, ol, dir, menu, dl) ul"
</pre><pre>
specificity(): 0x00000105 ":matches(ul, ol, dir, menu, dl) ol"
</pre><pre>
specificity(): 0x00000105 ":matches(ul, ol, dir, menu, dl) dir"
</pre><pre>
specificity(): 0x00000105 ":matches(ul, ol, dir, menu, dl) menu"
</pre><pre>
specificity(): 0x00000105 ":matches(ul, ol, dir, menu, dl) dl"
</pre><pre>
specificity(): 0x00000104 ":matches(ul, ol, dir, menu) ul"
</pre><pre>
specificity(): 0x00000104 ":matches(ul, ol, dir, menu) menu"
</pre><pre>
specificity(): 0x00000104 ":matches(ul, ol, dir, menu) dir"
</pre><pre>
specificity(): 0x00000208 ":matches(ul, ol, dir, menu) :matches(ul, ol, dir, menu) ul"
</pre><pre>
specificity(): 0x00000208 ":matches(ul, ol, dir, menu) :matches(ul, ol, dir, menu) menu"
</pre><pre>
specificity(): 0x00000208 ":matches(ul, ol, dir, menu) :matches(ul, ol, dir, menu) dir"
</pre><pre>
specificity(): 0x00000001 "input"
</pre><pre>
specificity(): 0x00000001 "input"
</pre><pre>
specificity(): 0x00000001 "input"
</pre><pre>
specificity(): 0x00000001 "button"
</pre><pre>
specificity(): 0x00000001 "button"
</pre><pre>
specificity(): 0x00000001 "button"
</pre><pre>
specificity(): 0x00000001 "select"
</pre><pre>
specificity(): 0x00000001 "select"
</pre><pre>
specificity(): 0x00000001 "select"
</pre><pre>
specificity(): 0x00000001 "select"
</pre><pre>
specificity(): 0x00000001 "textarea"
</pre><pre>
specificity(): 0x00000001 "textarea"
</pre><pre>
specificity(): 0x00000101 "input[type=hidden]"
</pre><pre>
specificity(): 0x00000101 "input[type=checkbox]"
</pre><pre>
specificity(): 0x00000101 "input[type=checkbox]"
</pre><pre>
specificity(): 0x00000101 "input[type=radio]"
</pre><pre>
specificity(): 0x00000101 "input[type=radio]"
</pre><pre>
specificity(): 0x00000101 "input[type=image]"
</pre><pre>
specificity(): 0x00000101 "input[type=button]"
</pre><pre>
specificity(): 0x00000101 "input[type=submit]"
</pre><pre>
specificity(): 0x00000101 "input[type=reset]"
</pre><pre>
specificity(): 0x00000101 "input[type=file]"
</pre><pre>
specificity(): 0x00000101 "input[type=file]"
</pre><pre>
specificity(): 0x00000002 "input::before"
</pre><pre>
specificity(): 0x00000202 "input[type=image][alt]::before"
</pre><pre>
specificity(): 0x00000102 "input[type=file]::before"
</pre><pre>
specificity(): 0x00000202 "input[type=password][value]::before"
</pre><pre>
specificity(): 0x00000202 "input[type=password][value=""]::before"
</pre><pre>
specificity(): 0x00000002 "select::after"
</pre><pre>
specificity(): 0x00000002 "select::after"
</pre><pre>
specificity(): 0x00000102 "input[type=checkbox]::before"
</pre><pre>
specificity(): 0x00000202 "input[type=checkbox][checked]::before"
</pre><pre>
specificity(): 0x00000102 "input[type=radio]::before"
</pre><pre>
specificity(): 0x00000202 "input[type=radio][checked]::before"
</pre><pre>
specificity(): 0x00000002 "select option"
</pre><pre>
specificity(): 0x00000102 "select option[selected]"
</pre><pre>
specificity(): 0x00000001 "fieldset"
</pre><pre>
specificity(): 0x00000002 "fieldset>legend"
</pre><pre>
specificity(): 0x00000001 "legend"
</pre><pre>
specificity(): 0x00000001 "hr"
</pre><pre>
specificity(): 0x00000101 "hr[size="1"]"
</pre><pre>
specificity(): 0x00000001 "iframe"
</pre><pre>
specificity(): 0x00000001 "noframes"
</pre><pre>
specificity(): 0x00000001 "br"
</pre><pre>
specificity(): 0x00000001 "img"
</pre><pre>
specificity(): 0x00000001 "img_generated"
</pre><pre>
specificity(): 0x00000001 "dompdf_generated"
</pre><pre>
specificity(): 0x00000001 "area"
</pre><pre>
specificity(): 0x00000001 "base"
</pre><pre>
specificity(): 0x00000001 "basefont"
</pre><pre>
specificity(): 0x00000001 "head"
</pre><pre>
specificity(): 0x00000001 "meta"
</pre><pre>
specificity(): 0x00000001 "script"
</pre><pre>
specificity(): 0x00000001 "style"
</pre><pre>
specificity(): 0x00000001 "title"
</pre><pre>
specificity(): 0x00000001 "noembed"
</pre><pre>
specificity(): 0x00000001 "param"
</pre><pre>
html [
  specificity 0x00000001
  [
    parent_font_size:12;
    Props [
      specified [
        display: -dompdf-page !important;
        counter_reset: page;
      ]
      computed [
        float: none;
        position: static;
        display: -dompdf-page;
        counter_reset: Array
(
    [page] => 0
)
;
      ]
      cached [
        float: none;
        position: static;
        display: ;
        counter_reset: ;
      ]
    ]
  ]
  DomElementStyle [
    parent_font_size:12;
    Props [
      specified [
        margin: 1.2cm;
        margin_top: 1.2cm;
        margin_right: 1.2cm;
        margin_bottom: 1.2cm;
        margin_left: 1.2cm;
        display: -dompdf-page !important;
        counter_reset: page;
      ]
      computed [
        size: auto;
        counter_reset: Array
(
    [page] => 0
)
;
      ]
      cached [
        size: auto;
        counter_reset: ;
      ]
    ]
  ]
]
</pre><pre>
body [
  specificity 0x00000001
  [
    parent_font_size:12;
    Props [
      specified [
        page_break_before: avoid;
        display: block !important;
        counter_increment: page;
      ]
      computed [
        page_break_before: avoid;
        float: none;
        position: static;
        display: block;
        counter_increment: Array
(
    [page] => 1
)
;
      ]
      cached [
        page_break_before: ;
        float: none;
        position: static;
        display: ;
        counter_increment: ;
      ]
    ]
  ]
  inherit [
    parent_font_size:12;
    Props [
      specified [
        margin: 1.2cm;
        margin_top: 1.2cm;
        margin_right: 1.2cm;
        margin_bottom: 1.2cm;
        margin_left: 1.2cm;
        display: -dompdf-page;
        counter_reset: page;
      ]
      computed [
        size: auto;
        counter_reset: Array
(
    [page] => 0
)
;
        font_size: 12;
        margin_left: 34.015748031496;
        margin_right: 34.015748031496;
        margin_top: 34.015748031496;
        margin_bottom: 34.015748031496;
      ]
      cached [
        size: auto;
        counter_reset: ;
        font_size: 12;
        margin_left: 34.015748031496;
        margin_right: 34.015748031496;
        margin_top: 34.015748031496;
        margin_bottom: 34.015748031496;
      ]
    ]
  ]
  DomElementStyle [
    parent_font_size:12;
    Props [
      specified [
        page_break_before: avoid;
        display: block !important;
        counter_increment: page;
      ]
      computed [
        page_break_before: avoid;
        counter_increment: Array
(
    [page] => 1
)
;
      ]
      cached [
        page_break_before: ;
        counter_increment: ;
      ]
    ]
  ]
]
</pre><pre>
h1 [
  specificity 0x00000001
  [
    parent_font_size:12;
    Props [
      specified [
        display: block;
        font_weight: bold;
      ]
      computed [
        float: none;
        position: static;
        display: block;
        font_weight: 700;
      ]
      cached [
        float: none;
        position: static;
        display: ;
        font_weight: ;
      ]
    ]
  ]
  [
    parent_font_size:12;
    Props [
      specified [
        font_size: 2em;
        margin: .67em 0;
        margin_top: .67em;
        margin_right: 0;
        margin_bottom: .67em;
        margin_left: 0;
      ]
      computed [
        font_size: 24;
        margin_top: 16.08;
        margin_right: 0;
        margin_bottom: 16.08;
        margin_left: 0;
      ]
      cached [
        font_size: 24;
        margin_top: ;
        margin_right: ;
        margin_bottom: ;
        margin_left: ;
      ]
    ]
  ]
  inherit [
    parent_font_size:12;
    Props [
      specified [
        page_break_before: avoid;
        display: block;
        counter_increment: page;
      ]
      computed [
        page_break_before: avoid;
        counter_increment: Array
(
    [page] => 1
)
;
      ]
      cached [
        page_break_before: ;
        counter_increment: ;
      ]
    ]
  ]
  DomElementStyle [
    parent_font_size:12;
    Props [
      specified [
        display: block;
        font_weight: bold;
        font_size: 2em;
        margin: .67em 0;
        margin_top: .67em;
        margin_right: 0;
        margin_bottom: .67em;
        margin_left: 0;
      ]
      computed [
        font_weight: 700;
      ]
      cached [
        font_weight: ;
      ]
    ]
  ]
]
</pre><pre>
p [
  specificity 0x00000001
  [
    parent_font_size:12;
    Props [
      specified [
        display: block;
        margin: 1em 0;
        margin_top: 1em;
        margin_right: 0;
        margin_bottom: 1em;
        margin_left: 0;
      ]
      computed [
        float: none;
        position: static;
        display: block;
        font_size: 12;
        margin_top: 12;
        margin_right: 0;
        margin_bottom: 12;
        margin_left: 0;
      ]
      cached [
        float: none;
        position: static;
        display: ;
        font_size: 12;
        margin_top: ;
        margin_right: ;
        margin_bottom: ;
        margin_left: ;
      ]
    ]
  ]
  inherit [
    parent_font_size:12;
    Props [
      specified [
        page_break_before: avoid;
        display: block;
        counter_increment: page;
      ]
      computed [
        page_break_before: avoid;
        counter_increment: Array
(
    [page] => 1
)
;
        font_size: 12;
      ]
      cached [
        page_break_before: ;
        counter_increment: ;
        font_size: 12;
      ]
    ]
  ]
  DomElementStyle [
    parent_font_size:12;
    Props [
      specified [
        display: block;
        margin: 1em 0;
        margin_top: 1em;
        margin_right: 0;
        margin_bottom: 1em;
        margin_left: 0;
      ]
      computed [
      ]
      cached [
      ]
    ]
  ]
]
</pre><pre>
specificity(): 0x31000001 "!attr"
</pre>[_parse_properties(page-break-before:=always)(height:=500px)_parse_properties]<pre>
div [
  specificity 0x00000001
  [
    parent_font_size:12;
    Props [
      specified [
        display: block;
      ]
      computed [
        float: none;
        position: static;
        display: block;
      ]
      cached [
        float: none;
        position: static;
        display: ;
      ]
    ]
  ]
  specificity 0x31000001
  [
    parent_font_size:12;
    Props [
      specified [
        page_break_before: always;
        height: 500px;
      ]
      computed [
        page_break_before: always;
        font_size: 12;
        height: 375;
      ]
      cached [
        page_break_before: ;
        font_size: 12;
        height: ;
      ]
    ]
  ]
  inherit [
    parent_font_size:12;
    Props [
      specified [
        page_break_before: avoid;
        display: block;
        counter_increment: page;
      ]
      computed [
        page_break_before: avoid;
        counter_increment: Array
(
    [page] => 1
)
;
        font_size: 12;
      ]
      cached [
        page_break_before: ;
        counter_increment: ;
        font_size: 12;
      ]
    ]
  ]
  DomElementStyle [
    parent_font_size:12;
    Props [
      specified [
        display: block;
        page_break_before: always;
        height: 500px;
      ]
      computed [
        page_break_before: always;
      ]
      cached [
        page_break_before: ;
      ]
    ]
  ]
]
</pre><pre>
p [
  specificity 0x00000001
  [
    parent_font_size:12;
    Props [
      specified [
        display: block;
        margin: 1em 0;
        margin_top: 1em;
        margin_right: 0;
        margin_bottom: 1em;
        margin_left: 0;
      ]
      computed [
        float: none;
        position: static;
        display: block;
        font_size: 12;
        margin_top: 12;
        margin_right: 0;
        margin_bottom: 12;
        margin_left: 0;
      ]
      cached [
        float: none;
        position: static;
        display: ;
        font_size: 12;
        margin_top: ;
        margin_right: ;
        margin_bottom: ;
        margin_left: ;
      ]
    ]
  ]
  inherit [
    parent_font_size:12;
    Props [
      specified [
        page_break_before: avoid;
        display: block;
        counter_increment: page;
      ]
      computed [
        page_break_before: avoid;
        counter_increment: Array
(
    [page] => 1
)
;
        font_size: 12;
      ]
      cached [
        page_break_before: ;
        counter_increment: ;
        font_size: 12;
      ]
    ]
  ]
  DomElementStyle [
    parent_font_size:12;
    Props [
      specified [
        display: block;
        margin: 1em 0;
        margin_top: 1em;
        margin_right: 0;
        margin_bottom: 1em;
        margin_left: 0;
      ]
      computed [
      ]
      cached [
      ]
    ]
  ]
]
</pre><pre>
specificity(): 0x31000001 "!attr"
</pre>[_parse_properties(page-break-before:=always)(height:=500px)_parse_properties]<pre>
div [
  specificity 0x00000001
  [
    parent_font_size:12;
    Props [
      specified [
        display: block;
      ]
      computed [
        float: none;
        position: static;
        display: block;
      ]
      cached [
        float: none;
        position: static;
        display: ;
      ]
    ]
  ]
  specificity 0x31000001
  [
    parent_font_size:12;
    Props [
      specified [
        page_break_before: always;
        height: 500px;
      ]
      computed [
        page_break_before: always;
        font_size: 12;
        height: 375;
      ]
      cached [
        page_break_before: ;
        font_size: 12;
        height: ;
      ]
    ]
  ]
  inherit [
    parent_font_size:12;
    Props [
      specified [
        page_break_before: avoid;
        display: block;
        counter_increment: page;
      ]
      computed [
        page_break_before: avoid;
        counter_increment: Array
(
    [page] => 1
)
;
        font_size: 12;
      ]
      cached [
        page_break_before: ;
        counter_increment: ;
        font_size: 12;
      ]
    ]
  ]
  DomElementStyle [
    parent_font_size:12;
    Props [
      specified [
        display: block;
        page_break_before: always;
        height: 500px;
      ]
      computed [
        page_break_before: always;
      ]
      cached [
        page_break_before: ;
      ]
    ]
  ]
]
</pre><pre>
p [
  specificity 0x00000001
  [
    parent_font_size:12;
    Props [
      specified [
        display: block;
        margin: 1em 0;
        margin_top: 1em;
        margin_right: 0;
        margin_bottom: 1em;
        margin_left: 0;
      ]
      computed [
        float: none;
        position: static;
        display: block;
        font_size: 12;
        margin_top: 12;
        margin_right: 0;
        margin_bottom: 12;
        margin_left: 0;
      ]
      cached [
        float: none;
        position: static;
        display: ;
        font_size: 12;
        margin_top: ;
        margin_right: ;
        margin_bottom: ;
        margin_left: ;
      ]
    ]
  ]
  inherit [
    parent_font_size:12;
    Props [
      specified [
        page_break_before: avoid;
        display: block;
        counter_increment: page;
      ]
      computed [
        page_break_before: avoid;
        counter_increment: Array
(
    [page] => 1
)
;
        font_size: 12;
      ]
      cached [
        page_break_before: ;
        counter_increment: ;
        font_size: 12;
      ]
    ]
  ]
  DomElementStyle [
    parent_font_size:12;
    Props [
      specified [
        display: block;
        margin: 1em 0;
        margin_top: 1em;
        margin_right: 0;
        margin_bottom: 1em;
        margin_left: 0;
      ]
      computed [
      ]
      cached [
      ]
    ]
  ]
]
</pre><pre>[_image
Array
(
    [0] => file://
    [1] => 
    [2] => ./
    [3] => none
    [protocol] => file://
    [host] => 
    [path] => ./
    [file] => none
    [resource] => 
)


none
_image]</pre><pre>[_image
Array
(
    [0] => file://
    [1] => 
    [2] => ./
    [3] => none
    [protocol] => file://
    [host] => 
    [path] => ./
    [file] => none
    [resource] => 
)


none
_image]</pre><pre>[_image
Array
(
    [0] => file://
    [1] => 
    [2] => ./
    [3] => none
    [protocol] => file://
    [host] => 
    [path] => ./
    [file] => none
    [resource] => 
)


none
_image]</pre><pre>[_image
Array
(
    [0] => file://
    [1] => 
    [2] => ./
    [3] => none
    [protocol] => file://
    [host] => 
    [path] => ./
    [file] => none
    [resource] => 
)


none
_image]</pre><pre>[_image
Array
(
    [0] => file://
    [1] => 
    [2] => ./
    [3] => none
    [protocol] => file://
    [host] => 
    [path] => ./
    [file] => none
    [resource] => 
)


none
_image]</pre><pre>[_image
Array
(
    [0] => file://
    [1] => 
    [2] => ./
    [3] => none
    [protocol] => file://
    [host] => 
    [path] => ./
    [file] => none
    [resource] => 
)


none
_image]</pre><pre>[_image
Array
(
    [0] => file://
    [1] => 
    [2] => ./
    [3] => none
    [protocol] => file://
    [host] => 
    [path] => ./
    [file] => none
    [resource] => 
)


none
_image]</pre><pre>[_image
Array
(
    [0] => file://
    [1] => 
    [2] => ./
    [3] => none
    [protocol] => file://
    [host] => 
    [path] => ./
    [file] => none
    [resource] => 
)


none
_image]</pre><pre>[_image
Array
(
    [0] => file://
    [1] => 
    [2] => ./
    [3] => none
    [protocol] => file://
    [host] => 
    [path] => ./
    [file] => none
    [resource] => 
)


none
_image]</pre><pre>[_image
Array
(
    [0] => file://
    [1] => 
    [2] => ./
    [3] => none
    [protocol] => file://
    [host] => 
    [path] => ./
    [file] => none
    [resource] => 
)


none
_image]</pre><pre>[_image
Array
(
    [0] => file://
    [1] => 
    [2] => ./
    [3] => none
    [protocol] => file://
    [host] => 
    [path] => ./
    [file] => none
    [resource] => 
)


none
_image]</pre><pre>[_image
Array
(
    [0] => file://
    [1] => 
    [2] => ./
    [3] => none
    [protocol] => file://
    [host] => 
    [path] => ./
    [file] => none
    [resource] => 
)


none
_image]</pre><pre>[_image
Array
(
    [0] => file://
    [1] => 
    [2] => ./
    [3] => none
    [protocol] => file://
    [host] => 
    [path] => ./
    [file] => none
    [resource] => 
)


none
_image]</pre><pre>[_image
Array
(
    [0] => file://
    [1] => 
    [2] => ./
    [3] => none
    [protocol] => file://
    [host] => 
    [path] => ./
    [file] => none
    [resource] => 
)


none
_image]</pre><pre>[_image
Array
(
    [0] => file://
    [1] => 
    [2] => ./
    [3] => none
    [protocol] => file://
    [host] => 
    [path] => ./
    [file] => none
    [resource] => 
)


none
_image]</pre><pre>[_image
Array
(
    [0] => file://
    [1] => 
    [2] => ./
    [3] => none
    [protocol] => file://
    [host] => 
    [path] => ./
    [file] => none
    [resource] => 
)


none
_image]</pre><pre>[_image
Array
(
    [0] => file://
    [1] => 
    [2] => ./
    [3] => none
    [protocol] => file://
    [host] => 
    [path] => ./
    [file] => none
    [resource] => 
)


none
_image]</pre><pre>[_image
Array
(
    [0] => file://
    [1] => 
    [2] => ./
    [3] => none
    [protocol] => file://
    [host] => 
    [path] => ./
    [file] => none
    [resource] => 
)


none
_image]</pre>